[debug] [2021-07-29T07:11:45.201Z] ----------------------------------------------------------------------
[debug] [2021-07-29T07:11:45.204Z] Command:       C:\Program Files\nodejs\node.exe C:\Users\Karandeep\AppData\Roaming\npm\node_modules\firebase-tools\lib\bin\firebase.js init
[debug] [2021-07-29T07:11:45.205Z] CLI Version:   9.16.0
[debug] [2021-07-29T07:11:45.206Z] Platform:      win32
[debug] [2021-07-29T07:11:45.206Z] Node Version:  v14.17.3
[debug] [2021-07-29T07:11:45.207Z] Time:          Thu Jul 29 2021 12:41:45 GMT+0530 (India Standard Time)
[debug] [2021-07-29T07:11:45.208Z] ----------------------------------------------------------------------
[debug] 
[debug] [2021-07-29T07:11:45.217Z] > command requires scopes: ["email","openid","https://www.googleapis.com/auth/cloudplatformprojects.readonly","https://www.googleapis.com/auth/firebase","https://www.googleapis.com/auth/cloud-platform"]
[debug] [2021-07-29T07:11:45.218Z] > authorizing via signed-in user (karandeeppadam5@gmail.com)
[info] 
     ######## #### ########  ######## ########     ###     ######  ########
     ##        ##  ##     ## ##       ##     ##  ##   ##  ##       ##
     ######    ##  ########  ######   ########  #########  ######  ######
     ##        ##  ##    ##  ##       ##     ## ##     ##       ## ##
     ##       #### ##     ## ######## ########  ##     ##  ######  ########

You're about to initialize a Firebase project in this directory:

  F:\Projects\Youtube Clone App

[info] 
=== Project Setup
[info] 
[info] First, let's associate this project directory with a Firebase project.
[info] You can create multiple project aliases by running firebase use --add, 
[info] but for now we'll just set up a default project.
[info] 
[debug] [2021-07-29T07:12:14.066Z] >>> [apiv2][query] GET https://firebase.googleapis.com/v1beta1/projects pageSize=100
[debug] [2021-07-29T07:12:14.591Z] <<< [apiv2][status] GET https://firebase.googleapis.com/v1beta1/projects 200
[debug] [2021-07-29T07:12:14.591Z] <<< [apiv2][body] GET https://firebase.googleapis.com/v1beta1/projects [omitted]
[info] i  Using project clone-ec5fd (youtube-clone) 
[info] 
=== Hosting Setup
[info] 
[info] Your public directory is the folder (relative to your project directory) that
[info] will contain Hosting assets to be uploaded with firebase deploy. If you
[info] have a build process for your assets, use your build's output directory.
[info] 
[debug] [2021-07-29T07:14:43.709Z] >>> [apiv2][query] GET https://www.gstatic.com/firebasejs/releases.json [none]
[debug] [2021-07-29T07:14:43.804Z] <<< [apiv2][status] GET https://www.gstatic.com/firebasejs/releases.json 200
[debug] [2021-07-29T07:14:43.804Z] <<< [apiv2][body] GET https://www.gstatic.com/firebasejs/releases.json {"current":{"version":"8.8.0","browserURL":"https://www.gstatic.com/firebasejs/8.8.0/firebase.js","packageURL":"https://www.gstatic.com/firebasejs/8.8.0/firebase.tgz"},"live":{"version":"8.8","browserURL":"https://www.gstatic.com/firebasejs/live/8.8/firebase.js","packageURL":"https://www.gstatic.com/firebasejs/live/8.8/firebase.tgz"},"components":{"analytics":"https://www.gstatic.com/firebasejs/8.8.0/firebase-analytics.js","app":"https://www.gstatic.com/firebasejs/8.8.0/firebase-app.js","app-check":"https://www.gstatic.com/firebasejs/8.8.0/firebase-app-check.js","auth":"https://www.gstatic.com/firebasejs/8.8.0/firebase-auth.js","database":"https://www.gstatic.com/firebasejs/8.8.0/firebase-database.js","firestore":"https://www.gstatic.com/firebasejs/8.8.0/firebase-firestore.js","functions":"https://www.gstatic.com/firebasejs/8.8.0/firebase-functions.js","installations":"https://www.gstatic.com/firebasejs/8.8.0/firebase-installations.js","messaging":"https://www.gstatic.com/firebasejs/8.8.0/firebase-messaging.js","storage":"https://www.gstatic.com/firebasejs/8.8.0/firebase-storage.js","performance":"https://www.gstatic.com/firebasejs/8.8.0/firebase-performance.js","remote-config":"https://www.gstatic.com/firebasejs/8.8.0/firebase-remote-config.js","firestore.memory":"https://www.gstatic.com/firebasejs/8.8.0/firebase-firestore.memory.js"}}
[info] +  Wrote build/index.html 
[info] 
[info] i  Didn't detect a .git folder. Assuming F:\Projects\Youtube Clone App is the project root. 
[info] i  Authorizing with GitHub to upload your service account to a GitHub repository's secrets store. 
[info] 
[info] Visit this URL on this device to log in:
[info] https://github.com/login/oauth/authorize?client_id=89cf50f02ac6aaed3484&state=235153995&redirect_uri=http%3A%2F%2Flocalhost%3A9005&scope=read%3Auser%20repo%20public_repo
[info] 
[info] Waiting for authentication...
[debug] [2021-07-29T07:14:58.412Z] >>> HTTP REQUEST POST https://github.com/login/oauth/access_token  
 {"client_id":"89cf50f02ac6aaed3484","client_secret":"3330d14abc895d9a74d5f17cd7a00711fa2c5bf0","code":"22137b02028fb7462e19","redirect_uri":"http://localhost:9005","state":"235153995"}
[debug] [2021-07-29T07:14:58.738Z] <<< HTTP RESPONSE 200 {"server":"GitHub.com","date":"Thu, 29 Jul 2021 07:15:24 GMT","content-type":"application/json; charset=utf-8","transfer-encoding":"chunked","vary":"X-PJAX, Accept-Encoding, Accept, X-Requested-With","permissions-policy":"interest-cohort=()","etag":"W/\"8041a816da116b22ccdc403b6e9ff210\"","cache-control":"max-age=0, private, must-revalidate","strict-transport-security":"max-age=31536000; includeSubdomains; preload","x-frame-options":"deny","x-content-type-options":"nosniff","x-xss-protection":"0","referrer-policy":"origin-when-cross-origin, strict-origin-when-cross-origin","expect-ct":"max-age=2592000, report-uri=\"https://api.github.com/_private/browser/errors\"","content-security-policy":"default-src 'none'; base-uri 'self'; block-all-mixed-content; connect-src 'self' uploads.github.com www.githubstatus.com collector.githubapp.com api.github.com github-cloud.s3.amazonaws.com github-production-repository-file-5c1aeb.s3.amazonaws.com github-production-upload-manifest-file-7fdce7.s3.amazonaws.com github-production-user-asset-6210df.s3.amazonaws.com cdn.optimizely.com logx.optimizely.com/v1/events translator.github.com wss://alive.github.com; font-src github.githubassets.com; form-action 'self' github.com gist.github.com; frame-ancestors 'none'; frame-src render.githubusercontent.com render-temp.githubusercontent.com viewscreen.githubusercontent.com; img-src 'self' data: github.githubassets.com identicons.github.com collector.githubapp.com github-cloud.s3.amazonaws.com secured-user-images.githubusercontent.com/ *.githubusercontent.com; manifest-src 'self'; media-src 'none'; script-src github.githubassets.com; style-src 'unsafe-inline' github.githubassets.com; worker-src github.com/socket-worker-3f088aa2.js gist.github.com/socket-worker-3f088aa2.js","x-github-request-id":"FCE8:70CD:1F7935:234FC2:6102558C"}
[debug] [2021-07-29T07:14:58.748Z] >>> [apiv2][query] GET https://api.github.com/user [none]
[debug] [2021-07-29T07:15:00.170Z] <<< [apiv2][status] GET https://api.github.com/user 200
[debug] [2021-07-29T07:15:00.170Z] <<< [apiv2][body] GET https://api.github.com/user {"login":"Karandeep07","id":41012770,"node_id":"MDQ6VXNlcjQxMDEyNzcw","avatar_url":"https://avatars.githubusercontent.com/u/41012770?v=4","gravatar_id":"","url":"https://api.github.com/users/Karandeep07","html_url":"https://github.com/Karandeep07","followers_url":"https://api.github.com/users/Karandeep07/followers","following_url":"https://api.github.com/users/Karandeep07/following{/other_user}","gists_url":"https://api.github.com/users/Karandeep07/gists{/gist_id}","starred_url":"https://api.github.com/users/Karandeep07/starred{/owner}{/repo}","subscriptions_url":"https://api.github.com/users/Karandeep07/subscriptions","organizations_url":"https://api.github.com/users/Karandeep07/orgs","repos_url":"https://api.github.com/users/Karandeep07/repos","events_url":"https://api.github.com/users/Karandeep07/events{/privacy}","received_events_url":"https://api.github.com/users/Karandeep07/received_events","type":"User","site_admin":false,"name":"Karandeep Padam","company":null,"blog":"","location":"India","email":null,"hireable":null,"bio":"If I could've summarized myself in a sentence, I would've..!!","twitter_username":"padam_KD","public_repos":7,"public_gists":0,"followers":0,"following":2,"created_at":"2018-07-09T14:43:48Z","updated_at":"2021-07-29T07:15:23Z","private_gists":0,"total_private_repos":2,"owned_private_repos":2,"disk_usage":14324,"collaborators":2,"two_factor_authentication":false,"plan":{"name":"free","space":976562499,"collaborators":0,"private_repos":10000}}
[info] 
[info] +  Success! Logged into GitHub as Karandeep07 
[info] 
[debug] [2021-07-29T07:16:01.730Z] ----------------------------------------------------------------------
[debug] [2021-07-29T07:16:01.734Z] Command:       C:\Program Files\nodejs\node.exe C:\Users\Karandeep\AppData\Roaming\npm\node_modules\firebase-tools\lib\bin\firebase.js init
[debug] [2021-07-29T07:16:01.735Z] CLI Version:   9.16.0
[debug] [2021-07-29T07:16:01.736Z] Platform:      win32
[debug] [2021-07-29T07:16:01.736Z] Node Version:  v14.17.3
[debug] [2021-07-29T07:16:01.738Z] Time:          Thu Jul 29 2021 12:46:01 GMT+0530 (India Standard Time)
[debug] [2021-07-29T07:16:01.738Z] ----------------------------------------------------------------------
[debug] 
[debug] [2021-07-29T07:16:01.749Z] > command requires scopes: ["email","openid","https://www.googleapis.com/auth/cloudplatformprojects.readonly","https://www.googleapis.com/auth/firebase","https://www.googleapis.com/auth/cloud-platform"]
[debug] [2021-07-29T07:16:01.749Z] > authorizing via signed-in user (karandeeppadam5@gmail.com)
[info] 
     ######## #### ########  ######## ########     ###     ######  ########
     ##        ##  ##     ## ##       ##     ##  ##   ##  ##       ##
     ######    ##  ########  ######   ########  #########  ######  ######
     ##        ##  ##    ##  ##       ##     ## ##     ##       ## ##
     ##       #### ##     ## ######## ########  ##     ##  ######  ########

You're about to initialize a Firebase project in this directory:

  F:\Projects\Youtube Clone App

[info] 
=== Project Setup
[info] 
[info] First, let's associate this project directory with a Firebase project.
[info] You can create multiple project aliases by running firebase use --add, 
[info] but for now we'll just set up a default project.
[info] 
[debug] [2021-07-29T07:16:23.805Z] >>> [apiv2][query] GET https://firebase.googleapis.com/v1beta1/projects pageSize=100
[debug] [2021-07-29T07:16:24.343Z] <<< [apiv2][status] GET https://firebase.googleapis.com/v1beta1/projects 200
[debug] [2021-07-29T07:16:24.344Z] <<< [apiv2][body] GET https://firebase.googleapis.com/v1beta1/projects [omitted]
[info] i  Using project clone-ec5fd (youtube-clone) 
[info] 
=== Hosting Setup
[info] 
[info] Your public directory is the folder (relative to your project directory) that
[info] will contain Hosting assets to be uploaded with firebase deploy. If you
[info] have a build process for your assets, use your build's output directory.
[info] 
